2022-11-22 15:00:02.145  INFO 12244 --- [main] c.e.filemanager.FilemanagerApplication   : Starting FilemanagerApplication using Java 18.0.1 on LAPTOP-EFLL195K with PID 12244 (G:\OPPOConflict\conflictManager\conflictManager-dev\target\classes started by 董 in G:\OPPOConflict\conflictManager\conflictManager-dev)
2022-11-22 15:00:02.150  INFO 12244 --- [main] c.e.filemanager.FilemanagerApplication   : No active profile set, falling back to 1 default profile: "default"
2022-11-22 15:00:09.130  INFO 12244 --- [main] o.s.b.w.embedded.tomcat.TomcatWebServer  : Tomcat initialized with port(s): 9090 (http)
2022-11-22 15:00:09.130  INFO 12244 --- [main] o.a.catalina.core.AprLifecycleListener   : An older version [1.2.23] of the Apache Tomcat Native library is installed, while Tomcat recommends a minimum version of [1.2.30]
2022-11-22 15:00:09.131  INFO 12244 --- [main] o.a.catalina.core.AprLifecycleListener   : Loaded Apache Tomcat Native library [1.2.23] using APR version [1.7.0].
2022-11-22 15:00:09.131  INFO 12244 --- [main] o.a.catalina.core.AprLifecycleListener   : APR capabilities: IPv6 [true], sendfile [true], accept filters [false], random [true], UDS [false].
2022-11-22 15:00:09.131  INFO 12244 --- [main] o.a.catalina.core.AprLifecycleListener   : APR/OpenSSL configuration: useAprConnector [false], useOpenSSL [true]
2022-11-22 15:00:09.224  INFO 12244 --- [main] o.a.catalina.core.AprLifecycleListener   : OpenSSL successfully initialized [OpenSSL 1.1.1c  28 May 2019]
2022-11-22 15:00:09.270  INFO 12244 --- [main] o.apache.catalina.core.StandardService   : Starting service [Tomcat]
2022-11-22 15:00:09.271  INFO 12244 --- [main] org.apache.catalina.core.StandardEngine  : Starting Servlet engine: [Apache Tomcat/9.0.68]
2022-11-22 15:00:09.744  INFO 12244 --- [main] o.a.c.c.C.[Tomcat].[localhost].[/]       : Initializing Spring embedded WebApplicationContext
2022-11-22 15:00:09.745  INFO 12244 --- [main] w.s.c.ServletWebServerApplicationContext : Root WebApplicationContext: initialization completed in 7386 ms
2022-11-22 15:00:11.086  WARN 12244 --- [main] ConfigServletWebServerApplicationContext : Exception encountered during context initialization - cancelling refresh attempt: org.springframework.beans.factory.UnsatisfiedDependencyException: Error creating bean with name 'restController': Unsatisfied dependency expressed through field 'fileInfoMapper'; nested exception is org.springframework.beans.factory.UnsatisfiedDependencyException: Error creating bean with name 'fileInfoMapper' defined in file [G:\OPPOConflict\conflictManager\conflictManager-dev\target\classes\com\example\filemanager\dao\fileInfoMapper.class]: Unsatisfied dependency expressed through bean property 'sqlSessionFactory'; nested exception is org.springframework.beans.factory.UnsatisfiedDependencyException: Error creating bean with name 'sqlSessionFactory' defined in class path resource [org/mybatis/spring/boot/autoconfigure/MybatisAutoConfiguration.class]: Unsatisfied dependency expressed through method 'sqlSessionFactory' parameter 0; nested exception is org.springframework.boot.context.properties.ConfigurationPropertiesBindException: Error creating bean with name 'druidDataSource': Could not bind properties to 'DataSource' : prefix=spring.datasource, ignoreInvalidFields=false, ignoreUnknownFields=true; nested exception is org.springframework.boot.context.properties.bind.BindException: Failed to bind properties under 'spring.datasource' to javax.sql.DataSource
2022-11-22 15:00:11.089  INFO 12244 --- [main] o.apache.catalina.core.StandardService   : Stopping service [Tomcat]
2022-11-22 15:00:11.213  INFO 12244 --- [main] ConditionEvaluationReportLoggingListener : 

Error starting ApplicationContext. To display the conditions report re-run your application with 'debug' enabled.
2022-11-22 15:00:11.246 ERROR 12244 --- [main] o.s.b.d.LoggingFailureAnalysisReporter   : 

***************************
APPLICATION FAILED TO START
***************************

Description:

Failed to bind properties under 'spring.datasource' to javax.sql.DataSource:

    Property: spring.datasource.filters
    Value: "stat,wall,log4j"
    Origin: class path resource [application.yaml] - 29:14
    Reason: java.lang.ClassNotFoundException: org.apache.log4j.Logger

Action:

Update your application's configuration

2022-11-22 15:05:21.144  INFO 9404 --- [main] c.e.filemanager.FilemanagerApplication   : Starting FilemanagerApplication using Java 18.0.1 on LAPTOP-EFLL195K with PID 9404 (G:\OPPOConflict\conflictManager\conflictManager-dev\target\classes started by 董 in G:\OPPOConflict\conflictManager\conflictManager-dev)
2022-11-22 15:05:21.148  INFO 9404 --- [main] c.e.filemanager.FilemanagerApplication   : No active profile set, falling back to 1 default profile: "default"
2022-11-22 15:05:22.780  INFO 9404 --- [main] o.s.b.w.embedded.tomcat.TomcatWebServer  : Tomcat initialized with port(s): 9090 (http)
2022-11-22 15:05:22.783  INFO 9404 --- [main] o.a.catalina.core.AprLifecycleListener   : An older version [1.2.23] of the Apache Tomcat Native library is installed, while Tomcat recommends a minimum version of [1.2.30]
2022-11-22 15:05:22.783  INFO 9404 --- [main] o.a.catalina.core.AprLifecycleListener   : Loaded Apache Tomcat Native library [1.2.23] using APR version [1.7.0].
2022-11-22 15:05:22.784  INFO 9404 --- [main] o.a.catalina.core.AprLifecycleListener   : APR capabilities: IPv6 [true], sendfile [true], accept filters [false], random [true], UDS [false].
2022-11-22 15:05:22.784  INFO 9404 --- [main] o.a.catalina.core.AprLifecycleListener   : APR/OpenSSL configuration: useAprConnector [false], useOpenSSL [true]
2022-11-22 15:05:22.790  INFO 9404 --- [main] o.a.catalina.core.AprLifecycleListener   : OpenSSL successfully initialized [OpenSSL 1.1.1c  28 May 2019]
2022-11-22 15:05:22.799  INFO 9404 --- [main] o.apache.catalina.core.StandardService   : Starting service [Tomcat]
2022-11-22 15:05:22.799  INFO 9404 --- [main] org.apache.catalina.core.StandardEngine  : Starting Servlet engine: [Apache Tomcat/9.0.68]
2022-11-22 15:05:22.929  INFO 9404 --- [main] o.a.c.c.C.[Tomcat].[localhost].[/]       : Initializing Spring embedded WebApplicationContext
2022-11-22 15:05:22.929  INFO 9404 --- [main] w.s.c.ServletWebServerApplicationContext : Root WebApplicationContext: initialization completed in 1714 ms
2022-11-22 15:05:22.988  INFO 9404 --- [main] o.s.boot.web.servlet.RegistrationBean    : Servlet statViewServlet was not registered (possibly already registered?)
2022-11-22 15:05:24.759  INFO 9404 --- [main] o.s.s.web.DefaultSecurityFilterChain     : Will secure any request with [org.springframework.security.web.session.DisableEncodeUrlFilter@1cbc1dde, org.springframework.security.web.context.request.async.WebAsyncManagerIntegrationFilter@4971f459, org.springframework.security.web.context.SecurityContextPersistenceFilter@1c628f6a, org.springframework.security.web.header.HeaderWriterFilter@4b425577, org.springframework.security.web.authentication.logout.LogoutFilter@72b0a004, org.springframework.security.web.savedrequest.RequestCacheAwareFilter@747835f5, org.springframework.security.web.servletapi.SecurityContextHolderAwareRequestFilter@47a7c93e, org.springframework.security.web.authentication.rememberme.RememberMeAuthenticationFilter@188a5fc2, org.springframework.security.web.authentication.AnonymousAuthenticationFilter@4c07d1fc, org.springframework.security.web.session.SessionManagementFilter@7fdd43cd, org.springframework.security.web.access.ExceptionTranslationFilter@196624bf, org.springframework.security.web.access.intercept.FilterSecurityInterceptor@10980560]
2022-11-22 15:05:25.624  INFO 9404 --- [main] o.s.b.w.embedded.tomcat.TomcatWebServer  : Tomcat started on port(s): 9090 (http) with context path ''
2022-11-22 15:05:25.646  INFO 9404 --- [main] c.e.filemanager.FilemanagerApplication   : Started FilemanagerApplication in 5.011 seconds (JVM running for 6.267)
2022-11-22 15:06:13.717  INFO 9404 --- [SpringApplicationShutdownHook] com.alibaba.druid.pool.DruidDataSource   : {dataSource-0} closing ...
2022-11-22 15:06:22.266  INFO 10948 --- [main] c.e.filemanager.FilemanagerApplication   : Starting FilemanagerApplication using Java 18.0.1 on LAPTOP-EFLL195K with PID 10948 (G:\OPPOConflict\conflictManager\conflictManager-dev\target\classes started by 董 in G:\OPPOConflict\conflictManager\conflictManager-dev)
2022-11-22 15:06:22.272  INFO 10948 --- [main] c.e.filemanager.FilemanagerApplication   : No active profile set, falling back to 1 default profile: "default"
2022-11-22 15:06:23.890  INFO 10948 --- [main] o.s.b.w.embedded.tomcat.TomcatWebServer  : Tomcat initialized with port(s): 9090 (http)
2022-11-22 15:06:23.891  INFO 10948 --- [main] o.a.catalina.core.AprLifecycleListener   : An older version [1.2.23] of the Apache Tomcat Native library is installed, while Tomcat recommends a minimum version of [1.2.30]
2022-11-22 15:06:23.892  INFO 10948 --- [main] o.a.catalina.core.AprLifecycleListener   : Loaded Apache Tomcat Native library [1.2.23] using APR version [1.7.0].
2022-11-22 15:06:23.892  INFO 10948 --- [main] o.a.catalina.core.AprLifecycleListener   : APR capabilities: IPv6 [true], sendfile [true], accept filters [false], random [true], UDS [false].
2022-11-22 15:06:23.892  INFO 10948 --- [main] o.a.catalina.core.AprLifecycleListener   : APR/OpenSSL configuration: useAprConnector [false], useOpenSSL [true]
2022-11-22 15:06:23.896  INFO 10948 --- [main] o.a.catalina.core.AprLifecycleListener   : OpenSSL successfully initialized [OpenSSL 1.1.1c  28 May 2019]
2022-11-22 15:06:23.907  INFO 10948 --- [main] o.apache.catalina.core.StandardService   : Starting service [Tomcat]
2022-11-22 15:06:23.908  INFO 10948 --- [main] org.apache.catalina.core.StandardEngine  : Starting Servlet engine: [Apache Tomcat/9.0.68]
2022-11-22 15:06:24.043  INFO 10948 --- [main] o.a.c.c.C.[Tomcat].[localhost].[/]       : Initializing Spring embedded WebApplicationContext
2022-11-22 15:06:24.043  INFO 10948 --- [main] w.s.c.ServletWebServerApplicationContext : Root WebApplicationContext: initialization completed in 1680 ms
2022-11-22 15:06:24.130  INFO 10948 --- [main] o.s.boot.web.servlet.RegistrationBean    : Servlet statViewServlet was not registered (possibly already registered?)
2022-11-22 15:06:25.125  INFO 10948 --- [main] o.s.s.web.DefaultSecurityFilterChain     : Will secure any request with [org.springframework.security.web.session.DisableEncodeUrlFilter@1cbc1dde, org.springframework.security.web.context.request.async.WebAsyncManagerIntegrationFilter@4971f459, org.springframework.security.web.context.SecurityContextPersistenceFilter@1c628f6a, org.springframework.security.web.header.HeaderWriterFilter@4b425577, org.springframework.security.web.authentication.logout.LogoutFilter@72b0a004, org.springframework.security.web.savedrequest.RequestCacheAwareFilter@747835f5, org.springframework.security.web.servletapi.SecurityContextHolderAwareRequestFilter@47a7c93e, org.springframework.security.web.authentication.rememberme.RememberMeAuthenticationFilter@188a5fc2, org.springframework.security.web.authentication.AnonymousAuthenticationFilter@4c07d1fc, org.springframework.security.web.session.SessionManagementFilter@7fdd43cd, org.springframework.security.web.access.ExceptionTranslationFilter@196624bf, org.springframework.security.web.access.intercept.FilterSecurityInterceptor@10980560]
2022-11-22 15:06:25.592  INFO 10948 --- [main] o.s.b.w.embedded.tomcat.TomcatWebServer  : Tomcat started on port(s): 9090 (http) with context path ''
2022-11-22 15:06:25.606  INFO 10948 --- [main] c.e.filemanager.FilemanagerApplication   : Started FilemanagerApplication in 4.074 seconds (JVM running for 5.412)
2022-11-22 15:06:51.673  INFO 10948 --- [SpringApplicationShutdownHook] com.alibaba.druid.pool.DruidDataSource   : {dataSource-0} closing ...
2022-11-22 15:07:11.418  INFO 5816 --- [main] c.e.filemanager.FilemanagerApplication   : Starting FilemanagerApplication using Java 18.0.1 on LAPTOP-EFLL195K with PID 5816 (G:\OPPOConflict\conflictManager\conflictManager-dev\target\classes started by 董 in G:\OPPOConflict\conflictManager\conflictManager-dev)
2022-11-22 15:07:11.423  INFO 5816 --- [main] c.e.filemanager.FilemanagerApplication   : No active profile set, falling back to 1 default profile: "default"
2022-11-22 15:07:12.998  INFO 5816 --- [main] o.s.b.w.embedded.tomcat.TomcatWebServer  : Tomcat initialized with port(s): 9090 (http)
2022-11-22 15:07:12.999  INFO 5816 --- [main] o.a.catalina.core.AprLifecycleListener   : An older version [1.2.23] of the Apache Tomcat Native library is installed, while Tomcat recommends a minimum version of [1.2.30]
2022-11-22 15:07:12.999  INFO 5816 --- [main] o.a.catalina.core.AprLifecycleListener   : Loaded Apache Tomcat Native library [1.2.23] using APR version [1.7.0].
2022-11-22 15:07:12.999  INFO 5816 --- [main] o.a.catalina.core.AprLifecycleListener   : APR capabilities: IPv6 [true], sendfile [true], accept filters [false], random [true], UDS [false].
2022-11-22 15:07:12.999  INFO 5816 --- [main] o.a.catalina.core.AprLifecycleListener   : APR/OpenSSL configuration: useAprConnector [false], useOpenSSL [true]
2022-11-22 15:07:13.003  INFO 5816 --- [main] o.a.catalina.core.AprLifecycleListener   : OpenSSL successfully initialized [OpenSSL 1.1.1c  28 May 2019]
2022-11-22 15:07:13.013  INFO 5816 --- [main] o.apache.catalina.core.StandardService   : Starting service [Tomcat]
2022-11-22 15:07:13.013  INFO 5816 --- [main] org.apache.catalina.core.StandardEngine  : Starting Servlet engine: [Apache Tomcat/9.0.68]
2022-11-22 15:07:13.150  INFO 5816 --- [main] o.a.c.c.C.[Tomcat].[localhost].[/]       : Initializing Spring embedded WebApplicationContext
2022-11-22 15:07:13.151  INFO 5816 --- [main] w.s.c.ServletWebServerApplicationContext : Root WebApplicationContext: initialization completed in 1670 ms
2022-11-22 15:07:13.209  INFO 5816 --- [main] o.s.boot.web.servlet.RegistrationBean    : Servlet statViewServlet was not registered (possibly already registered?)
2022-11-22 15:07:13.547  WARN 5816 --- [main] ConfigServletWebServerApplicationContext : Exception encountered during context initialization - cancelling refresh attempt: org.springframework.beans.factory.UnsatisfiedDependencyException: Error creating bean with name 'restController': Unsatisfied dependency expressed through field 'fileInfoMapper'; nested exception is org.springframework.beans.factory.UnsatisfiedDependencyException: Error creating bean with name 'fileInfoMapper' defined in file [G:\OPPOConflict\conflictManager\conflictManager-dev\target\classes\com\example\filemanager\dao\fileInfoMapper.class]: Unsatisfied dependency expressed through bean property 'sqlSessionFactory'; nested exception is org.springframework.beans.factory.UnsatisfiedDependencyException: Error creating bean with name 'sqlSessionFactory' defined in class path resource [org/mybatis/spring/boot/autoconfigure/MybatisAutoConfiguration.class]: Unsatisfied dependency expressed through method 'sqlSessionFactory' parameter 0; nested exception is org.springframework.boot.context.properties.ConfigurationPropertiesBindException: Error creating bean with name 'druidDataSource': Could not bind properties to 'DataSource' : prefix=spring.datasource, ignoreInvalidFields=false, ignoreUnknownFields=true; nested exception is org.springframework.boot.context.properties.bind.BindException: Failed to bind properties under 'spring.datasource' to javax.sql.DataSource
2022-11-22 15:07:13.551  INFO 5816 --- [main] o.apache.catalina.core.StandardService   : Stopping service [Tomcat]
2022-11-22 15:07:13.574  INFO 5816 --- [main] ConditionEvaluationReportLoggingListener : 

Error starting ApplicationContext. To display the conditions report re-run your application with 'debug' enabled.
2022-11-22 15:07:13.593 ERROR 5816 --- [main] o.s.b.d.LoggingFailureAnalysisReporter   : 

***************************
APPLICATION FAILED TO START
***************************

Description:

Failed to bind properties under 'spring.datasource' to javax.sql.DataSource:

    Property: spring.datasource.filters
    Value: "stat,wall,log4j"
    Origin: class path resource [application.yaml] - 29:14
    Reason: java.lang.ClassNotFoundException: org.apache.log4j.Logger

Action:

Update your application's configuration

2022-11-22 15:07:32.372  INFO 8804 --- [main] c.e.filemanager.FilemanagerApplication   : Starting FilemanagerApplication using Java 18.0.1 on LAPTOP-EFLL195K with PID 8804 (G:\OPPOConflict\conflictManager\conflictManager-dev\target\classes started by 董 in G:\OPPOConflict\conflictManager\conflictManager-dev)
2022-11-22 15:07:32.375  INFO 8804 --- [main] c.e.filemanager.FilemanagerApplication   : No active profile set, falling back to 1 default profile: "default"
2022-11-22 15:07:33.949  INFO 8804 --- [main] o.s.b.w.embedded.tomcat.TomcatWebServer  : Tomcat initialized with port(s): 9090 (http)
2022-11-22 15:07:33.950  INFO 8804 --- [main] o.a.catalina.core.AprLifecycleListener   : An older version [1.2.23] of the Apache Tomcat Native library is installed, while Tomcat recommends a minimum version of [1.2.30]
2022-11-22 15:07:33.951  INFO 8804 --- [main] o.a.catalina.core.AprLifecycleListener   : Loaded Apache Tomcat Native library [1.2.23] using APR version [1.7.0].
2022-11-22 15:07:33.952  INFO 8804 --- [main] o.a.catalina.core.AprLifecycleListener   : APR capabilities: IPv6 [true], sendfile [true], accept filters [false], random [true], UDS [false].
2022-11-22 15:07:33.952  INFO 8804 --- [main] o.a.catalina.core.AprLifecycleListener   : APR/OpenSSL configuration: useAprConnector [false], useOpenSSL [true]
2022-11-22 15:07:33.958  INFO 8804 --- [main] o.a.catalina.core.AprLifecycleListener   : OpenSSL successfully initialized [OpenSSL 1.1.1c  28 May 2019]
2022-11-22 15:07:33.968  INFO 8804 --- [main] o.apache.catalina.core.StandardService   : Starting service [Tomcat]
2022-11-22 15:07:33.969  INFO 8804 --- [main] org.apache.catalina.core.StandardEngine  : Starting Servlet engine: [Apache Tomcat/9.0.68]
2022-11-22 15:07:34.094  INFO 8804 --- [main] o.a.c.c.C.[Tomcat].[localhost].[/]       : Initializing Spring embedded WebApplicationContext
2022-11-22 15:07:34.095  INFO 8804 --- [main] w.s.c.ServletWebServerApplicationContext : Root WebApplicationContext: initialization completed in 1652 ms
2022-11-22 15:07:34.181  INFO 8804 --- [main] o.s.boot.web.servlet.RegistrationBean    : Servlet statViewServlet was not registered (possibly already registered?)
2022-11-22 15:07:34.514  WARN 8804 --- [main] ConfigServletWebServerApplicationContext : Exception encountered during context initialization - cancelling refresh attempt: org.springframework.beans.factory.UnsatisfiedDependencyException: Error creating bean with name 'restController': Unsatisfied dependency expressed through field 'fileInfoMapper'; nested exception is org.springframework.beans.factory.UnsatisfiedDependencyException: Error creating bean with name 'fileInfoMapper' defined in file [G:\OPPOConflict\conflictManager\conflictManager-dev\target\classes\com\example\filemanager\dao\fileInfoMapper.class]: Unsatisfied dependency expressed through bean property 'sqlSessionFactory'; nested exception is org.springframework.beans.factory.UnsatisfiedDependencyException: Error creating bean with name 'sqlSessionFactory' defined in class path resource [org/mybatis/spring/boot/autoconfigure/MybatisAutoConfiguration.class]: Unsatisfied dependency expressed through method 'sqlSessionFactory' parameter 0; nested exception is org.springframework.boot.context.properties.ConfigurationPropertiesBindException: Error creating bean with name 'druidDataSource': Could not bind properties to 'DataSource' : prefix=spring.datasource, ignoreInvalidFields=false, ignoreUnknownFields=true; nested exception is org.springframework.boot.context.properties.bind.BindException: Failed to bind properties under 'spring.datasource' to javax.sql.DataSource
2022-11-22 15:07:34.519  INFO 8804 --- [main] o.apache.catalina.core.StandardService   : Stopping service [Tomcat]
2022-11-22 15:07:34.543  INFO 8804 --- [main] ConditionEvaluationReportLoggingListener : 

Error starting ApplicationContext. To display the conditions report re-run your application with 'debug' enabled.
2022-11-22 15:07:34.561 ERROR 8804 --- [main] o.s.b.d.LoggingFailureAnalysisReporter   : 

***************************
APPLICATION FAILED TO START
***************************

Description:

Failed to bind properties under 'spring.datasource' to javax.sql.DataSource:

    Property: spring.datasource.filters
    Value: "stat,wall,log4j"
    Origin: class path resource [application.yaml] - 29:14
    Reason: java.lang.ClassNotFoundException: org.apache.log4j.Logger

Action:

Update your application's configuration

2022-11-22 15:08:04.960  INFO 1000 --- [main] c.e.filemanager.FilemanagerApplication   : Starting FilemanagerApplication using Java 18.0.1 on LAPTOP-EFLL195K with PID 1000 (G:\OPPOConflict\conflictManager\conflictManager-dev\target\classes started by 董 in G:\OPPOConflict\conflictManager\conflictManager-dev)
2022-11-22 15:08:04.965  INFO 1000 --- [main] c.e.filemanager.FilemanagerApplication   : No active profile set, falling back to 1 default profile: "default"
2022-11-22 15:08:06.553  INFO 1000 --- [main] o.s.b.w.embedded.tomcat.TomcatWebServer  : Tomcat initialized with port(s): 9090 (http)
2022-11-22 15:08:06.556  INFO 1000 --- [main] o.a.catalina.core.AprLifecycleListener   : An older version [1.2.23] of the Apache Tomcat Native library is installed, while Tomcat recommends a minimum version of [1.2.30]
2022-11-22 15:08:06.557  INFO 1000 --- [main] o.a.catalina.core.AprLifecycleListener   : Loaded Apache Tomcat Native library [1.2.23] using APR version [1.7.0].
2022-11-22 15:08:06.558  INFO 1000 --- [main] o.a.catalina.core.AprLifecycleListener   : APR capabilities: IPv6 [true], sendfile [true], accept filters [false], random [true], UDS [false].
2022-11-22 15:08:06.559  INFO 1000 --- [main] o.a.catalina.core.AprLifecycleListener   : APR/OpenSSL configuration: useAprConnector [false], useOpenSSL [true]
2022-11-22 15:08:06.565  INFO 1000 --- [main] o.a.catalina.core.AprLifecycleListener   : OpenSSL successfully initialized [OpenSSL 1.1.1c  28 May 2019]
2022-11-22 15:08:06.573  INFO 1000 --- [main] o.apache.catalina.core.StandardService   : Starting service [Tomcat]
2022-11-22 15:08:06.573  INFO 1000 --- [main] org.apache.catalina.core.StandardEngine  : Starting Servlet engine: [Apache Tomcat/9.0.68]
2022-11-22 15:08:06.698  INFO 1000 --- [main] o.a.c.c.C.[Tomcat].[localhost].[/]       : Initializing Spring embedded WebApplicationContext
2022-11-22 15:08:06.699  INFO 1000 --- [main] w.s.c.ServletWebServerApplicationContext : Root WebApplicationContext: initialization completed in 1666 ms
2022-11-22 15:08:06.768  INFO 1000 --- [main] o.s.boot.web.servlet.RegistrationBean    : Servlet statViewServlet was not registered (possibly already registered?)
2022-11-22 15:08:07.727  INFO 1000 --- [main] o.s.s.web.DefaultSecurityFilterChain     : Will secure any request with [org.springframework.security.web.session.DisableEncodeUrlFilter@188a5fc2, org.springframework.security.web.context.request.async.WebAsyncManagerIntegrationFilter@1cb9ef52, org.springframework.security.web.context.SecurityContextPersistenceFilter@1a1ccaaf, org.springframework.security.web.header.HeaderWriterFilter@32a4ecbe, org.springframework.security.web.authentication.logout.LogoutFilter@562919fe, org.springframework.security.web.savedrequest.RequestCacheAwareFilter@3cc053, org.springframework.security.web.servletapi.SecurityContextHolderAwareRequestFilter@1c628f6a, org.springframework.security.web.authentication.rememberme.RememberMeAuthenticationFilter@10980560, org.springframework.security.web.authentication.AnonymousAuthenticationFilter@5a622fe8, org.springframework.security.web.session.SessionManagementFilter@365afe87, org.springframework.security.web.access.ExceptionTranslationFilter@4bf80c29, org.springframework.security.web.access.intercept.FilterSecurityInterceptor@541bf968]
2022-11-22 15:08:08.198  INFO 1000 --- [main] o.s.b.w.embedded.tomcat.TomcatWebServer  : Tomcat started on port(s): 9090 (http) with context path ''
2022-11-22 15:08:08.210  INFO 1000 --- [main] c.e.filemanager.FilemanagerApplication   : Started FilemanagerApplication in 3.737 seconds (JVM running for 4.875)
2022-11-22 15:08:47.658  INFO 1000 --- [http-nio-9090-exec-1] o.a.c.c.C.[Tomcat].[localhost].[/]       : Initializing Spring DispatcherServlet 'dispatcherServlet'
2022-11-22 15:08:47.660  INFO 1000 --- [http-nio-9090-exec-1] o.s.web.servlet.DispatcherServlet        : Initializing Servlet 'dispatcherServlet'
2022-11-22 15:08:47.663  INFO 1000 --- [http-nio-9090-exec-1] o.s.web.servlet.DispatcherServlet        : Completed initialization in 2 ms
2022-11-22 15:27:54.086  INFO 1000 --- [SpringApplicationShutdownHook] com.alibaba.druid.pool.DruidDataSource   : {dataSource-0} closing ...
2022-11-22 15:32:06.239  INFO 13716 --- [main] c.e.filemanager.FilemanagerApplication   : Starting FilemanagerApplication using Java 18.0.1 on LAPTOP-EFLL195K with PID 13716 (G:\OPPOConflict\conflictManager\conflictManager-dev\target\classes started by 董 in G:\OPPOConflict\conflictManager\conflictManager-dev)
2022-11-22 15:32:06.245  INFO 13716 --- [main] c.e.filemanager.FilemanagerApplication   : No active profile set, falling back to 1 default profile: "default"
2022-11-22 15:32:08.308  INFO 13716 --- [main] o.s.b.w.embedded.tomcat.TomcatWebServer  : Tomcat initialized with port(s): 9090 (http)
2022-11-22 15:32:08.310  INFO 13716 --- [main] o.a.catalina.core.AprLifecycleListener   : An older version [1.2.23] of the Apache Tomcat Native library is installed, while Tomcat recommends a minimum version of [1.2.30]
2022-11-22 15:32:08.310  INFO 13716 --- [main] o.a.catalina.core.AprLifecycleListener   : Loaded Apache Tomcat Native library [1.2.23] using APR version [1.7.0].
2022-11-22 15:32:08.311  INFO 13716 --- [main] o.a.catalina.core.AprLifecycleListener   : APR capabilities: IPv6 [true], sendfile [true], accept filters [false], random [true], UDS [false].
2022-11-22 15:32:08.311  INFO 13716 --- [main] o.a.catalina.core.AprLifecycleListener   : APR/OpenSSL configuration: useAprConnector [false], useOpenSSL [true]
2022-11-22 15:32:08.346  INFO 13716 --- [main] o.a.catalina.core.AprLifecycleListener   : OpenSSL successfully initialized [OpenSSL 1.1.1c  28 May 2019]
2022-11-22 15:32:08.382  INFO 13716 --- [main] o.apache.catalina.core.StandardService   : Starting service [Tomcat]
2022-11-22 15:32:08.382  INFO 13716 --- [main] org.apache.catalina.core.StandardEngine  : Starting Servlet engine: [Apache Tomcat/9.0.68]
2022-11-22 15:32:08.815  INFO 13716 --- [main] o.a.c.c.C.[Tomcat].[localhost].[/]       : Initializing Spring embedded WebApplicationContext
2022-11-22 15:32:08.815  INFO 13716 --- [main] w.s.c.ServletWebServerApplicationContext : Root WebApplicationContext: initialization completed in 2497 ms
2022-11-22 15:32:08.978  INFO 13716 --- [main] o.s.boot.web.servlet.RegistrationBean    : Servlet statViewServlet was not registered (possibly already registered?)
2022-11-22 15:32:10.454  INFO 13716 --- [main] o.s.s.web.DefaultSecurityFilterChain     : Will secure any request with [org.springframework.security.web.session.DisableEncodeUrlFilter@a0bf272, org.springframework.security.web.context.request.async.WebAsyncManagerIntegrationFilter@4a89ef44, org.springframework.security.web.context.SecurityContextPersistenceFilter@388c519, org.springframework.security.web.header.HeaderWriterFilter@2b44d6d0, org.springframework.security.web.authentication.logout.LogoutFilter@5d5c41e5, org.springframework.security.web.savedrequest.RequestCacheAwareFilter@198536f6, org.springframework.security.web.servletapi.SecurityContextHolderAwareRequestFilter@594131f2, org.springframework.security.web.authentication.rememberme.RememberMeAuthenticationFilter@1953bc95, org.springframework.security.web.authentication.AnonymousAuthenticationFilter@310a7859, org.springframework.security.web.session.SessionManagementFilter@1a1ccaaf, org.springframework.security.web.access.ExceptionTranslationFilter@39b626e5, org.springframework.security.web.access.intercept.FilterSecurityInterceptor@6acffb2d]
2022-11-22 15:32:11.043  INFO 13716 --- [main] o.s.b.w.embedded.tomcat.TomcatWebServer  : Tomcat started on port(s): 9090 (http) with context path ''
2022-11-22 15:32:11.064  INFO 13716 --- [main] c.e.filemanager.FilemanagerApplication   : Started FilemanagerApplication in 5.418 seconds (JVM running for 6.978)
2022-11-22 15:32:24.466  INFO 13716 --- [http-nio-9090-exec-1] o.a.c.c.C.[Tomcat].[localhost].[/]       : Initializing Spring DispatcherServlet 'dispatcherServlet'
2022-11-22 15:32:24.466  INFO 13716 --- [http-nio-9090-exec-1] o.s.web.servlet.DispatcherServlet        : Initializing Servlet 'dispatcherServlet'
2022-11-22 15:32:24.467  INFO 13716 --- [http-nio-9090-exec-1] o.s.web.servlet.DispatcherServlet        : Completed initialization in 1 ms
2022-11-22 15:32:31.183  WARN 13716 --- [http-nio-9090-exec-7] o.a.c.util.SessionIdGeneratorBase        : Creation of SecureRandom instance for session ID generation using [SHA1PRNG] took [140] milliseconds.
2022-11-22 15:36:09.717  INFO 13716 --- [SpringApplicationShutdownHook] com.alibaba.druid.pool.DruidDataSource   : {dataSource-0} closing ...
2022-11-22 15:36:23.882  INFO 14184 --- [main] c.e.filemanager.FilemanagerApplication   : Starting FilemanagerApplication using Java 18.0.1 on LAPTOP-EFLL195K with PID 14184 (G:\OPPOConflict\conflictManager\conflictManager-dev\target\classes started by 董 in G:\OPPOConflict\conflictManager\conflictManager-dev)
2022-11-22 15:36:23.887  INFO 14184 --- [main] c.e.filemanager.FilemanagerApplication   : No active profile set, falling back to 1 default profile: "default"
2022-11-22 15:36:26.325  INFO 14184 --- [main] o.s.b.w.embedded.tomcat.TomcatWebServer  : Tomcat initialized with port(s): 9090 (http)
2022-11-22 15:36:26.326  INFO 14184 --- [main] o.a.catalina.core.AprLifecycleListener   : An older version [1.2.23] of the Apache Tomcat Native library is installed, while Tomcat recommends a minimum version of [1.2.30]
2022-11-22 15:36:26.327  INFO 14184 --- [main] o.a.catalina.core.AprLifecycleListener   : Loaded Apache Tomcat Native library [1.2.23] using APR version [1.7.0].
2022-11-22 15:36:26.328  INFO 14184 --- [main] o.a.catalina.core.AprLifecycleListener   : APR capabilities: IPv6 [true], sendfile [true], accept filters [false], random [true], UDS [false].
2022-11-22 15:36:26.328  INFO 14184 --- [main] o.a.catalina.core.AprLifecycleListener   : APR/OpenSSL configuration: useAprConnector [false], useOpenSSL [true]
2022-11-22 15:36:26.336  INFO 14184 --- [main] o.a.catalina.core.AprLifecycleListener   : OpenSSL successfully initialized [OpenSSL 1.1.1c  28 May 2019]
2022-11-22 15:36:26.352  INFO 14184 --- [main] o.apache.catalina.core.StandardService   : Starting service [Tomcat]
2022-11-22 15:36:26.353  INFO 14184 --- [main] org.apache.catalina.core.StandardEngine  : Starting Servlet engine: [Apache Tomcat/9.0.68]
2022-11-22 15:36:26.570  INFO 14184 --- [main] o.a.c.c.C.[Tomcat].[localhost].[/]       : Initializing Spring embedded WebApplicationContext
2022-11-22 15:36:26.572  INFO 14184 --- [main] w.s.c.ServletWebServerApplicationContext : Root WebApplicationContext: initialization completed in 2573 ms
2022-11-22 15:36:26.723  INFO 14184 --- [main] o.s.boot.web.servlet.RegistrationBean    : Servlet statViewServlet was not registered (possibly already registered?)
2022-11-22 15:36:27.960  INFO 14184 --- [main] o.s.s.web.DefaultSecurityFilterChain     : Will secure any request with [org.springframework.security.web.session.DisableEncodeUrlFilter@653fb8d1, org.springframework.security.web.context.request.async.WebAsyncManagerIntegrationFilter@48581a3b, org.springframework.security.web.context.SecurityContextPersistenceFilter@4792f119, org.springframework.security.web.header.HeaderWriterFilter@3a38f122, org.springframework.security.web.authentication.logout.LogoutFilter@740fefc6, org.springframework.security.web.savedrequest.RequestCacheAwareFilter@ea00de, org.springframework.security.web.servletapi.SecurityContextHolderAwareRequestFilter@36c7cbe1, org.springframework.security.web.authentication.rememberme.RememberMeAuthenticationFilter@66ec4409, org.springframework.security.web.authentication.AnonymousAuthenticationFilter@531ec978, org.springframework.security.web.session.SessionManagementFilter@10a18e3e, org.springframework.security.web.access.ExceptionTranslationFilter@388c519, org.springframework.security.web.access.intercept.FilterSecurityInterceptor@a0bf272]
2022-11-22 15:36:28.578  INFO 14184 --- [main] o.s.b.w.embedded.tomcat.TomcatWebServer  : Tomcat started on port(s): 9090 (http) with context path ''
2022-11-22 15:36:28.594  INFO 14184 --- [main] c.e.filemanager.FilemanagerApplication   : Started FilemanagerApplication in 5.793 seconds (JVM running for 7.536)
2022-11-22 15:36:40.857  INFO 14184 --- [http-nio-9090-exec-1] o.a.c.c.C.[Tomcat].[localhost].[/]       : Initializing Spring DispatcherServlet 'dispatcherServlet'
2022-11-22 15:36:40.859  INFO 14184 --- [http-nio-9090-exec-1] o.s.web.servlet.DispatcherServlet        : Initializing Servlet 'dispatcherServlet'
2022-11-22 15:36:40.861  INFO 14184 --- [http-nio-9090-exec-1] o.s.web.servlet.DispatcherServlet        : Completed initialization in 2 ms
2022-11-22 15:38:39.238  WARN 14184 --- [http-nio-9090-exec-6] o.a.c.util.SessionIdGeneratorBase        : Creation of SecureRandom instance for session ID generation using [SHA1PRNG] took [163] milliseconds.
2022-11-22 15:43:32.181  INFO 14184 --- [SpringApplicationShutdownHook] com.alibaba.druid.pool.DruidDataSource   : {dataSource-0} closing ...
2022-11-22 15:43:46.083  INFO 4924 --- [main] c.e.filemanager.FilemanagerApplication   : Starting FilemanagerApplication using Java 18.0.1 on LAPTOP-EFLL195K with PID 4924 (G:\OPPOConflict\conflictManager\conflictManager-dev\target\classes started by 董 in G:\OPPOConflict\conflictManager\conflictManager-dev)
2022-11-22 15:43:46.089  INFO 4924 --- [main] c.e.filemanager.FilemanagerApplication   : No active profile set, falling back to 1 default profile: "default"
2022-11-22 15:43:48.579  INFO 4924 --- [main] o.s.b.w.embedded.tomcat.TomcatWebServer  : Tomcat initialized with port(s): 9090 (http)
2022-11-22 15:43:48.582  INFO 4924 --- [main] o.a.catalina.core.AprLifecycleListener   : An older version [1.2.23] of the Apache Tomcat Native library is installed, while Tomcat recommends a minimum version of [1.2.30]
2022-11-22 15:43:48.582  INFO 4924 --- [main] o.a.catalina.core.AprLifecycleListener   : Loaded Apache Tomcat Native library [1.2.23] using APR version [1.7.0].
2022-11-22 15:43:48.582  INFO 4924 --- [main] o.a.catalina.core.AprLifecycleListener   : APR capabilities: IPv6 [true], sendfile [true], accept filters [false], random [true], UDS [false].
2022-11-22 15:43:48.582  INFO 4924 --- [main] o.a.catalina.core.AprLifecycleListener   : APR/OpenSSL configuration: useAprConnector [false], useOpenSSL [true]
2022-11-22 15:43:48.597  INFO 4924 --- [main] o.a.catalina.core.AprLifecycleListener   : OpenSSL successfully initialized [OpenSSL 1.1.1c  28 May 2019]
2022-11-22 15:43:48.615  INFO 4924 --- [main] o.apache.catalina.core.StandardService   : Starting service [Tomcat]
2022-11-22 15:43:48.615  INFO 4924 --- [main] org.apache.catalina.core.StandardEngine  : Starting Servlet engine: [Apache Tomcat/9.0.68]
2022-11-22 15:43:48.855  INFO 4924 --- [main] o.a.c.c.C.[Tomcat].[localhost].[/]       : Initializing Spring embedded WebApplicationContext
2022-11-22 15:43:48.857  INFO 4924 --- [main] w.s.c.ServletWebServerApplicationContext : Root WebApplicationContext: initialization completed in 2654 ms
2022-11-22 15:43:48.970  INFO 4924 --- [main] o.s.boot.web.servlet.RegistrationBean    : Servlet statViewServlet was not registered (possibly already registered?)
2022-11-22 15:43:50.250  INFO 4924 --- [main] o.s.s.web.DefaultSecurityFilterChain     : Will secure any request with [org.springframework.security.web.session.DisableEncodeUrlFilter@653fb8d1, org.springframework.security.web.context.request.async.WebAsyncManagerIntegrationFilter@48581a3b, org.springframework.security.web.context.SecurityContextPersistenceFilter@4792f119, org.springframework.security.web.header.HeaderWriterFilter@7fbd3e75, org.springframework.security.web.authentication.logout.LogoutFilter@740fefc6, org.springframework.security.web.savedrequest.RequestCacheAwareFilter@ea00de, org.springframework.security.web.servletapi.SecurityContextHolderAwareRequestFilter@36c7cbe1, org.springframework.security.web.authentication.rememberme.RememberMeAuthenticationFilter@66ec4409, org.springframework.security.web.authentication.AnonymousAuthenticationFilter@531ec978, org.springframework.security.web.session.SessionManagementFilter@47a7c93e, org.springframework.security.web.access.ExceptionTranslationFilter@1a1ccaaf, org.springframework.security.web.access.intercept.FilterSecurityInterceptor@a0bf272]
2022-11-22 15:43:50.893  INFO 4924 --- [main] o.s.b.w.embedded.tomcat.TomcatWebServer  : Tomcat started on port(s): 9090 (http) with context path ''
2022-11-22 15:43:50.916  INFO 4924 --- [main] c.e.filemanager.FilemanagerApplication   : Started FilemanagerApplication in 5.655 seconds (JVM running for 7.22)
2022-11-22 15:44:04.496  INFO 4924 --- [http-nio-9090-exec-1] o.a.c.c.C.[Tomcat].[localhost].[/]       : Initializing Spring DispatcherServlet 'dispatcherServlet'
2022-11-22 15:44:04.500  INFO 4924 --- [http-nio-9090-exec-1] o.s.web.servlet.DispatcherServlet        : Initializing Servlet 'dispatcherServlet'
2022-11-22 15:44:04.513  INFO 4924 --- [http-nio-9090-exec-1] o.s.web.servlet.DispatcherServlet        : Completed initialization in 13 ms
2022-11-22 15:44:37.281  WARN 4924 --- [http-nio-9090-exec-1] o.a.c.util.SessionIdGeneratorBase        : Creation of SecureRandom instance for session ID generation using [SHA1PRNG] took [117] milliseconds.
2022-11-22 15:45:18.957  INFO 4924 --- [SpringApplicationShutdownHook] com.alibaba.druid.pool.DruidDataSource   : {dataSource-0} closing ...
2022-11-22 15:45:27.983  INFO 356 --- [main] c.e.filemanager.FilemanagerApplication   : Starting FilemanagerApplication using Java 18.0.1 on LAPTOP-EFLL195K with PID 356 (G:\OPPOConflict\conflictManager\conflictManager-dev\target\classes started by 董 in G:\OPPOConflict\conflictManager\conflictManager-dev)
2022-11-22 15:45:27.987  INFO 356 --- [main] c.e.filemanager.FilemanagerApplication   : No active profile set, falling back to 1 default profile: "default"
2022-11-22 15:45:29.725  INFO 356 --- [main] o.s.b.w.embedded.tomcat.TomcatWebServer  : Tomcat initialized with port(s): 9090 (http)
2022-11-22 15:45:29.727  INFO 356 --- [main] o.a.catalina.core.AprLifecycleListener   : An older version [1.2.23] of the Apache Tomcat Native library is installed, while Tomcat recommends a minimum version of [1.2.30]
2022-11-22 15:45:29.728  INFO 356 --- [main] o.a.catalina.core.AprLifecycleListener   : Loaded Apache Tomcat Native library [1.2.23] using APR version [1.7.0].
2022-11-22 15:45:29.728  INFO 356 --- [main] o.a.catalina.core.AprLifecycleListener   : APR capabilities: IPv6 [true], sendfile [true], accept filters [false], random [true], UDS [false].
2022-11-22 15:45:29.728  INFO 356 --- [main] o.a.catalina.core.AprLifecycleListener   : APR/OpenSSL configuration: useAprConnector [false], useOpenSSL [true]
2022-11-22 15:45:29.734  INFO 356 --- [main] o.a.catalina.core.AprLifecycleListener   : OpenSSL successfully initialized [OpenSSL 1.1.1c  28 May 2019]
2022-11-22 15:45:29.744  INFO 356 --- [main] o.apache.catalina.core.StandardService   : Starting service [Tomcat]
2022-11-22 15:45:29.745  INFO 356 --- [main] org.apache.catalina.core.StandardEngine  : Starting Servlet engine: [Apache Tomcat/9.0.68]
2022-11-22 15:45:29.905  INFO 356 --- [main] o.a.c.c.C.[Tomcat].[localhost].[/]       : Initializing Spring embedded WebApplicationContext
2022-11-22 15:45:29.905  INFO 356 --- [main] w.s.c.ServletWebServerApplicationContext : Root WebApplicationContext: initialization completed in 1863 ms
2022-11-22 15:45:29.986  INFO 356 --- [main] o.s.boot.web.servlet.RegistrationBean    : Servlet statViewServlet was not registered (possibly already registered?)
2022-11-22 15:45:31.003  INFO 356 --- [main] o.s.s.web.DefaultSecurityFilterChain     : Will secure any request with [org.springframework.security.web.session.DisableEncodeUrlFilter@415d88de, org.springframework.security.web.context.request.async.WebAsyncManagerIntegrationFilter@a0bf272, org.springframework.security.web.context.SecurityContextPersistenceFilter@198536f6, org.springframework.security.web.header.HeaderWriterFilter@196624bf, org.springframework.security.web.authentication.logout.LogoutFilter@42e4e589, org.springframework.security.web.savedrequest.RequestCacheAwareFilter@3a38f122, org.springframework.security.web.servletapi.SecurityContextHolderAwareRequestFilter@7bee8621, org.springframework.security.web.authentication.rememberme.RememberMeAuthenticationFilter@3d9f0a5, org.springframework.security.web.authentication.AnonymousAuthenticationFilter@4a89ef44, org.springframework.security.web.session.SessionManagementFilter@3cc053, org.springframework.security.web.access.ExceptionTranslationFilter@2e71240b, org.springframework.security.web.access.intercept.FilterSecurityInterceptor@149c39b]
2022-11-22 15:45:31.530  INFO 356 --- [main] o.s.b.w.embedded.tomcat.TomcatWebServer  : Tomcat started on port(s): 9090 (http) with context path ''
2022-11-22 15:45:31.543  INFO 356 --- [main] c.e.filemanager.FilemanagerApplication   : Started FilemanagerApplication in 4.209 seconds (JVM running for 5.232)
2022-11-22 15:46:40.795  INFO 356 --- [SpringApplicationShutdownHook] com.alibaba.druid.pool.DruidDataSource   : {dataSource-0} closing ...
2022-11-22 15:46:49.983  INFO 1620 --- [main] c.e.filemanager.FilemanagerApplication   : Starting FilemanagerApplication using Java 18.0.1 on LAPTOP-EFLL195K with PID 1620 (G:\OPPOConflict\conflictManager\conflictManager-dev\target\classes started by 董 in G:\OPPOConflict\conflictManager\conflictManager-dev)
2022-11-22 15:46:49.988  INFO 1620 --- [main] c.e.filemanager.FilemanagerApplication   : No active profile set, falling back to 1 default profile: "default"
2022-11-22 15:46:51.531  INFO 1620 --- [main] o.s.b.w.embedded.tomcat.TomcatWebServer  : Tomcat initialized with port(s): 9090 (http)
2022-11-22 15:46:51.532  INFO 1620 --- [main] o.a.catalina.core.AprLifecycleListener   : An older version [1.2.23] of the Apache Tomcat Native library is installed, while Tomcat recommends a minimum version of [1.2.30]
2022-11-22 15:46:51.533  INFO 1620 --- [main] o.a.catalina.core.AprLifecycleListener   : Loaded Apache Tomcat Native library [1.2.23] using APR version [1.7.0].
2022-11-22 15:46:51.533  INFO 1620 --- [main] o.a.catalina.core.AprLifecycleListener   : APR capabilities: IPv6 [true], sendfile [true], accept filters [false], random [true], UDS [false].
2022-11-22 15:46:51.533  INFO 1620 --- [main] o.a.catalina.core.AprLifecycleListener   : APR/OpenSSL configuration: useAprConnector [false], useOpenSSL [true]
2022-11-22 15:46:51.537  INFO 1620 --- [main] o.a.catalina.core.AprLifecycleListener   : OpenSSL successfully initialized [OpenSSL 1.1.1c  28 May 2019]
2022-11-22 15:46:51.548  INFO 1620 --- [main] o.apache.catalina.core.StandardService   : Starting service [Tomcat]
2022-11-22 15:46:51.549  INFO 1620 --- [main] org.apache.catalina.core.StandardEngine  : Starting Servlet engine: [Apache Tomcat/9.0.68]
2022-11-22 15:46:51.667  INFO 1620 --- [main] o.a.c.c.C.[Tomcat].[localhost].[/]       : Initializing Spring embedded WebApplicationContext
2022-11-22 15:46:51.667  INFO 1620 --- [main] w.s.c.ServletWebServerApplicationContext : Root WebApplicationContext: initialization completed in 1604 ms
2022-11-22 15:46:51.740  INFO 1620 --- [main] o.s.boot.web.servlet.RegistrationBean    : Servlet statViewServlet was not registered (possibly already registered?)
2022-11-22 15:46:52.737  INFO 1620 --- [main] o.s.s.web.DefaultSecurityFilterChain     : Will secure any request with [org.springframework.security.web.session.DisableEncodeUrlFilter@66ec4409, org.springframework.security.web.context.request.async.WebAsyncManagerIntegrationFilter@2506e949, org.springframework.security.web.context.SecurityContextPersistenceFilter@4e0cc334, org.springframework.security.web.header.HeaderWriterFilter@43471a7e, org.springframework.security.web.authentication.logout.LogoutFilter@63fd4dda, org.springframework.security.web.savedrequest.RequestCacheAwareFilter@4877919f, org.springframework.security.web.servletapi.SecurityContextHolderAwareRequestFilter@4792f119, org.springframework.security.web.authentication.rememberme.RememberMeAuthenticationFilter@a0bf272, org.springframework.security.web.authentication.AnonymousAuthenticationFilter@6f1c3f18, org.springframework.security.web.session.SessionManagementFilter@594131f2, org.springframework.security.web.access.ExceptionTranslationFilter@3bb9ca38, org.springframework.security.web.access.intercept.FilterSecurityInterceptor@1953bc95]
2022-11-22 15:46:53.228  INFO 1620 --- [main] o.s.b.w.embedded.tomcat.TomcatWebServer  : Tomcat started on port(s): 9090 (http) with context path ''
2022-11-22 15:46:53.242  INFO 1620 --- [main] c.e.filemanager.FilemanagerApplication   : Started FilemanagerApplication in 3.804 seconds (JVM running for 4.786)
2022-11-22 15:47:07.429  INFO 1620 --- [http-nio-9090-exec-1] o.a.c.c.C.[Tomcat].[localhost].[/]       : Initializing Spring DispatcherServlet 'dispatcherServlet'
2022-11-22 15:47:07.431  INFO 1620 --- [http-nio-9090-exec-1] o.s.web.servlet.DispatcherServlet        : Initializing Servlet 'dispatcherServlet'
2022-11-22 15:47:07.435  INFO 1620 --- [http-nio-9090-exec-1] o.s.web.servlet.DispatcherServlet        : Completed initialization in 3 ms
2022-11-22 15:47:12.133  WARN 1620 --- [http-nio-9090-exec-1] o.a.c.util.SessionIdGeneratorBase        : Creation of SecureRandom instance for session ID generation using [SHA1PRNG] took [128] milliseconds.
2022-11-22 15:48:02.066  INFO 1620 --- [SpringApplicationShutdownHook] com.alibaba.druid.pool.DruidDataSource   : {dataSource-0} closing ...
2022-11-22 15:49:21.509  INFO 1436 --- [main] c.e.filemanager.FilemanagerApplication   : Starting FilemanagerApplication using Java 18.0.1 on LAPTOP-EFLL195K with PID 1436 (G:\OPPOConflict\conflictManager\conflictManager-dev\target\classes started by 董 in G:\OPPOConflict\conflictManager\conflictManager-dev)
2022-11-22 15:49:21.512  INFO 1436 --- [main] c.e.filemanager.FilemanagerApplication   : No active profile set, falling back to 1 default profile: "default"
2022-11-22 15:49:23.096  INFO 1436 --- [main] o.s.b.w.embedded.tomcat.TomcatWebServer  : Tomcat initialized with port(s): 9090 (http)
2022-11-22 15:49:23.097  INFO 1436 --- [main] o.a.catalina.core.AprLifecycleListener   : An older version [1.2.23] of the Apache Tomcat Native library is installed, while Tomcat recommends a minimum version of [1.2.30]
2022-11-22 15:49:23.097  INFO 1436 --- [main] o.a.catalina.core.AprLifecycleListener   : Loaded Apache Tomcat Native library [1.2.23] using APR version [1.7.0].
2022-11-22 15:49:23.097  INFO 1436 --- [main] o.a.catalina.core.AprLifecycleListener   : APR capabilities: IPv6 [true], sendfile [true], accept filters [false], random [true], UDS [false].
2022-11-22 15:49:23.097  INFO 1436 --- [main] o.a.catalina.core.AprLifecycleListener   : APR/OpenSSL configuration: useAprConnector [false], useOpenSSL [true]
2022-11-22 15:49:23.101  INFO 1436 --- [main] o.a.catalina.core.AprLifecycleListener   : OpenSSL successfully initialized [OpenSSL 1.1.1c  28 May 2019]
2022-11-22 15:49:23.111  INFO 1436 --- [main] o.apache.catalina.core.StandardService   : Starting service [Tomcat]
2022-11-22 15:49:23.111  INFO 1436 --- [main] org.apache.catalina.core.StandardEngine  : Starting Servlet engine: [Apache Tomcat/9.0.68]
2022-11-22 15:49:23.234  INFO 1436 --- [main] o.a.c.c.C.[Tomcat].[localhost].[/]       : Initializing Spring embedded WebApplicationContext
2022-11-22 15:49:23.234  INFO 1436 --- [main] w.s.c.ServletWebServerApplicationContext : Root WebApplicationContext: initialization completed in 1666 ms
2022-11-22 15:49:23.314  INFO 1436 --- [main] o.s.boot.web.servlet.RegistrationBean    : Servlet statViewServlet was not registered (possibly already registered?)
2022-11-22 15:49:24.289  INFO 1436 --- [main] o.s.s.web.DefaultSecurityFilterChain     : Will secure any request with [org.springframework.security.web.session.DisableEncodeUrlFilter@a0bf272, org.springframework.security.web.context.request.async.WebAsyncManagerIntegrationFilter@4a89ef44, org.springframework.security.web.context.SecurityContextPersistenceFilter@7fdd43cd, org.springframework.security.web.header.HeaderWriterFilter@50085d9c, org.springframework.security.web.authentication.logout.LogoutFilter@499ee966, org.springframework.security.web.savedrequest.RequestCacheAwareFilter@2ce03e86, org.springframework.security.web.servletapi.SecurityContextHolderAwareRequestFilter@4e0cc334, org.springframework.security.web.authentication.rememberme.RememberMeAuthenticationFilter@1953bc95, org.springframework.security.web.authentication.AnonymousAuthenticationFilter@310a7859, org.springframework.security.web.session.SessionManagementFilter@388c519, org.springframework.security.web.access.ExceptionTranslationFilter@23cd5d42, org.springframework.security.web.access.intercept.FilterSecurityInterceptor@f2d890c]
2022-11-22 15:49:24.747  INFO 1436 --- [main] o.s.b.w.embedded.tomcat.TomcatWebServer  : Tomcat started on port(s): 9090 (http) with context path ''
2022-11-22 15:49:24.760  INFO 1436 --- [main] c.e.filemanager.FilemanagerApplication   : Started FilemanagerApplication in 3.791 seconds (JVM running for 4.782)
2022-11-22 15:49:35.284  INFO 1436 --- [http-nio-9090-exec-1] o.a.c.c.C.[Tomcat].[localhost].[/]       : Initializing Spring DispatcherServlet 'dispatcherServlet'
2022-11-22 15:49:35.285  INFO 1436 --- [http-nio-9090-exec-1] o.s.web.servlet.DispatcherServlet        : Initializing Servlet 'dispatcherServlet'
2022-11-22 15:49:35.288  INFO 1436 --- [http-nio-9090-exec-1] o.s.web.servlet.DispatcherServlet        : Completed initialization in 2 ms
2022-11-22 15:49:50.618  WARN 1436 --- [http-nio-9090-exec-1] o.a.c.util.SessionIdGeneratorBase        : Creation of SecureRandom instance for session ID generation using [SHA1PRNG] took [121] milliseconds.
2022-11-22 15:51:13.697  INFO 1436 --- [SpringApplicationShutdownHook] com.alibaba.druid.pool.DruidDataSource   : {dataSource-0} closing ...
